    OpenRGB v0.9+ (git)
    Commit:  from 
    Launched: 20260228_144556
====================================================================================================

1     |Info:    [ProfileManager] Found file: Profile.orp attempting to validate header
1     |Info:    [ProfileManager] Valid v5 profile found for Profile
72    |Info:    [ResourceManager] Initializing HID interfaces: Success
72    |Info:    ------------------------------------------------------
72    |Info:    |               Start device detection               |
72    |Info:    ------------------------------------------------------
86    |Info:    ------------------------------------------------------
86    |Info:    |             Detecting I2C interfaces               |
86    |Info:    ------------------------------------------------------
109   |Info:    [ResourceManager] Registering I2C interface: /dev/i2c-3 Device 0000:0000 Subsystem: 0000:0000
109   |Info:    [ResourceManager] Registering I2C interface: /dev/i2c-10 Device 1022:790B Subsystem: 1E44:1776
110   |Info:    [ResourceManager] Registering I2C interface: /dev/i2c-1 Device 0000:0000 Subsystem: 0000:0000
110   |Info:    [ResourceManager] Registering I2C interface: /dev/i2c-ADS8388:00 Device 0000:0000 Subsystem: 0000:0000
110   |Info:    [ResourceManager] Registering I2C interface: /dev/i2c-ANX7580D:00 Device 0000:0000 Subsystem: 0000:0000
110   |Info:    [ResourceManager] Registering I2C interface: /dev/i2c-PRP0001:00 Device 0000:0000 Subsystem: 0000:0000
110   |Info:    [ResourceManager] Registering I2C interface: /dev/i2c-ANX7580A:00 Device 0000:0000 Subsystem: 0000:0000
110   |Info:    [ResourceManager] Registering I2C interface: /dev/i2c-8 Device 1002:1435 Subsystem: 1002:0123
111   |Warning: [i2c_smbus_linux] Failed to read i2c device PCI device ID
111   |Info:    [ResourceManager] Registering I2C interface: /dev/i2c-6 Device 0000:0000 Subsystem: 0000:0000
111   |Info:    [ResourceManager] Registering I2C interface: /dev/i2c-4 Device 1002:1435 Subsystem: 1002:0123
112   |Info:    [ResourceManager] Registering I2C interface: /dev/i2c-NVTN2020:00 Device 0000:0000 Subsystem: 0000:0000
112   |Info:    [ResourceManager] Registering I2C interface: /dev/i2c-11 Device 1022:790B Subsystem: 1E44:1776
112   |Info:    [ResourceManager] Registering I2C interface: /dev/i2c-2 Device 0000:0000 Subsystem: 0000:0000
112   |Info:    [ResourceManager] Registering I2C interface: /dev/i2c-0 Device 0000:0000 Subsystem: 0000:0000
112   |Info:    [ResourceManager] Registering I2C interface: /dev/i2c-FTS3528:00 Device 0000:0000 Subsystem: 0000:0000
112   |Info:    [ResourceManager] Registering I2C interface: /dev/i2c-ADS8388:01 Device 0000:0000 Subsystem: 0000:0000
112   |Info:    [ResourceManager] Registering I2C interface: /dev/i2c-PRP0001:01 Device 0000:0000 Subsystem: 0000:0000
112   |Info:    [ResourceManager] Registering I2C interface: /dev/i2c-9 Device 1022:790B Subsystem: 1E44:1776
113   |Warning: [i2c_smbus_linux] Failed to read i2c device PCI device ID
113   |Info:    [ResourceManager] Registering I2C interface: /dev/i2c-7 Device 0000:0000 Subsystem: 0000:0000
113   |Info:    [ResourceManager] Registering I2C interface: /dev/i2c-5 Device 1002:1435 Subsystem: 1002:0123
113   |Info:    ------------------------------------------------------
113   |Info:    |               Detecting I2C devices                |
113   |Info:    ------------------------------------------------------
7650  |Info:    ------------------------------------------------------
7650  |Info:    |            Detecting I2C DIMM modules              |
7650  |Info:    ------------------------------------------------------
7816  |Info:    ------------------------------------------------------
7816  |Info:    |               Detecting I2C PCI devices            |
7816  |Info:    ------------------------------------------------------
7818  |Info:    ------------------------------------------------------
7818  |Info:    |               Detecting HID devices                |
7818  |Info:    ------------------------------------------------------
7818  |Info:    ------------------------------------------------------
7818  |Info:    |            Detecting libusb HID devices            |
7818  |Info:    ------------------------------------------------------
7818  |Info:    ------------------------------------------------------
7818  |Info:    |              Detecting other devices               |
7818  |Info:    ------------------------------------------------------
7832  |Info:    [ResourceManager] Calling Post-detection callbacks
7832  |Info:    ------------------------------------------------------
7832  |Info:    |                Detection completed                 |
7832  |Info:    ------------------------------------------------------
7832  |Dialog:  <h2>Some internal devices may not be detected:</h2><p>One or more I2C or SMBus interfaces failed to initialize.</p><p><b>RGB DRAM modules, some motherboards' onboard RGB lighting, and RGB Graphics Cards, will not be available in OpenRGB</b> without I2C or SMBus.</p><h4>How to fix this:</h4><p>On Linux, this is usually because the i2c-dev module is not loaded.</p><p>You must load the i2c-dev module along with the correct i2c driver for your motherboard. This is usually i2c-piix4 for AMD systems and i2c-i801 for Intel systems.</p><p>See <a href='https://help.openrgb.org/'>help.openrgb.org</a> for additional troubleshooting steps if you keep seeing this message.<br></p><h3>If you are not using internal RGB on a desktop this message is not important to you.</h3>
