    OpenRGB v0.9+ (git)
    Commit:  from 
    Launched: 20260223_000744
====================================================================================================

2     |Info:    [ProfileManager] Found file: Profile.orp attempting to validate header
2     |Info:    [ProfileManager] Valid v5 profile found for Profile
90    |Info:    [ResourceManager] Initializing HID interfaces: Success
90    |Info:    ------------------------------------------------------
90    |Info:    |               Start device detection               |
90    |Info:    ------------------------------------------------------
99    |Info:    ------------------------------------------------------
99    |Info:    |             Detecting I2C interfaces               |
99    |Info:    ------------------------------------------------------
100   |Info:    [ResourceManager] Registering I2C interface: Synopsys DesignWare I2C adapter (/dev/i2c-3) Device 0000:0000 Subsystem: 0000:0000
100   |Info:    [ResourceManager] Registering I2C interface: SMBus PIIX4 adapter port 1 at 0b20 (/dev/i2c-10) Device 1022:790B Subsystem: 1E44:1776
100   |Info:    [ResourceManager] Registering I2C interface: Synopsys DesignWare I2C adapter (/dev/i2c-1) Device 0000:0000 Subsystem: 0000:0000
100   |Info:    [ResourceManager] Registering I2C interface: ADS8388:00 (/dev/i2c-ADS8388:00) Device 0000:0000 Subsystem: 0000:0000
100   |Info:    [ResourceManager] Registering I2C interface: ANX7580D:00 (/dev/i2c-ANX7580D:00) Device 0000:0000 Subsystem: 0000:0000
100   |Info:    [ResourceManager] Registering I2C interface: ltrf216a (/dev/i2c-PRP0001:00) Device 0000:0000 Subsystem: 0000:0000
100   |Info:    [ResourceManager] Registering I2C interface: ANX7580A:00 (/dev/i2c-ANX7580A:00) Device 0000:0000 Subsystem: 0000:0000
100   |Info:    [ResourceManager] Registering I2C interface: SMBus PIIX4 adapter port 0 at 0b00 (/dev/i2c-8) Device 1022:790B Subsystem: 1E44:1776
100   |Warning: [i2c_smbus_linux] Failed to read i2c device PCI device ID
100   |Info:    [ResourceManager] Registering I2C interface: AMDGPU DM aux hw bus 0 (/dev/i2c-6) Device 0000:0000 Subsystem: 0000:0000
101   |Info:    [ResourceManager] Registering I2C interface: AMDGPU DM i2c hw bus 0 (/dev/i2c-4) Device 1002:1435 Subsystem: 1002:0123
101   |Info:    [ResourceManager] Registering I2C interface: NVTN2020:00 (/dev/i2c-NVTN2020:00) Device 0000:0000 Subsystem: 0000:0000
101   |Info:    [ResourceManager] Registering I2C interface: Synopsys DesignWare I2C adapter (/dev/i2c-2) Device 0000:0000 Subsystem: 0000:0000
101   |Info:    [ResourceManager] Registering I2C interface: Synopsys DesignWare I2C adapter (/dev/i2c-0) Device 0000:0000 Subsystem: 0000:0000
101   |Info:    [ResourceManager] Registering I2C interface: FTS3528:00 (/dev/i2c-FTS3528:00) Device 0000:0000 Subsystem: 0000:0000
101   |Info:    [ResourceManager] Registering I2C interface: ADS8388:01 (/dev/i2c-ADS8388:01) Device 0000:0000 Subsystem: 0000:0000
101   |Info:    [ResourceManager] Registering I2C interface: ltrf216a (/dev/i2c-PRP0001:01) Device 0000:0000 Subsystem: 0000:0000
102   |Info:    [ResourceManager] Registering I2C interface: SMBus PIIX4 adapter port 2 at 0b00 (/dev/i2c-9) Device 1022:790B Subsystem: 1E44:1776
102   |Warning: [i2c_smbus_linux] Failed to read i2c device PCI device ID
103   |Info:    [ResourceManager] Registering I2C interface: AMDGPU DM aux hw bus 1 (/dev/i2c-7) Device 0000:0000 Subsystem: 0000:0000
103   |Info:    [ResourceManager] Registering I2C interface: AMDGPU DM i2c hw bus 1 (/dev/i2c-5) Device 1002:1435 Subsystem: 1002:0123
103   |Info:    ------------------------------------------------------
103   |Info:    |               Detecting I2C devices                |
103   |Info:    ------------------------------------------------------
7604  |Info:    ------------------------------------------------------
7604  |Info:    |            Detecting I2C DIMM modules              |
7604  |Info:    ------------------------------------------------------
7771  |Info:    ------------------------------------------------------
7771  |Info:    |               Detecting I2C PCI devices            |
7771  |Info:    ------------------------------------------------------
7776  |Info:    ------------------------------------------------------
7776  |Info:    |               Detecting HID devices                |
7776  |Info:    ------------------------------------------------------
7776  |Info:    ------------------------------------------------------
7776  |Info:    |            Detecting libusb HID devices            |
7776  |Info:    ------------------------------------------------------
7776  |Info:    ------------------------------------------------------
7776  |Info:    |              Detecting other devices               |
7776  |Info:    ------------------------------------------------------
7795  |Info:    [ResourceManager] Calling Post-detection callbacks
7795  |Info:    ------------------------------------------------------
7795  |Info:    |                Detection completed                 |
7795  |Info:    ------------------------------------------------------
7795  |Dialog:  <h2>Some internal devices may not be detected:</h2><p>One or more I2C or SMBus interfaces failed to initialize.</p><p><b>RGB DRAM modules, some motherboards' onboard RGB lighting, and RGB Graphics Cards, will not be available in OpenRGB</b> without I2C or SMBus.</p><h4>How to fix this:</h4><p>On Linux, this is usually because the i2c-dev module is not loaded.</p><p>You must load the i2c-dev module along with the correct i2c driver for your motherboard. This is usually i2c-piix4 for AMD systems and i2c-i801 for Intel systems.</p><p>See <a href='https://help.openrgb.org/'>help.openrgb.org</a> for additional troubleshooting steps if you keep seeing this message.<br></p><h3>If you are not using internal RGB on a desktop this message is not important to you.</h3>
