    OpenRGB v0.9+ (git)
    Commit:  from 
    Launched: 20260227_124827
====================================================================================================

0     |Info:    [ProfileManager] Found file: Profile.orp attempting to validate header
0     |Info:    [ProfileManager] Valid v5 profile found for Profile
96    |Info:    [ResourceManager] Initializing HID interfaces: Success
96    |Info:    ------------------------------------------------------
96    |Info:    |               Start device detection               |
96    |Info:    ------------------------------------------------------
114   |Info:    ------------------------------------------------------
114   |Info:    |             Detecting I2C interfaces               |
114   |Info:    ------------------------------------------------------
210   |Info:    [ResourceManager] Registering I2C interface: /dev/i2c-3 Device 0000:0000 Subsystem: 0000:0000
211   |Info:    [ResourceManager] Registering I2C interface: /dev/i2c-10 Device 1022:790B Subsystem: 1E44:1776
211   |Info:    [ResourceManager] Registering I2C interface: /dev/i2c-1 Device 0000:0000 Subsystem: 0000:0000
213   |Info:    [ResourceManager] Registering I2C interface: /dev/i2c-ADS8388:00 Device 0000:0000 Subsystem: 0000:0000
213   |Info:    [ResourceManager] Registering I2C interface: /dev/i2c-ANX7580D:00 Device 0000:0000 Subsystem: 0000:0000
225   |Info:    [ResourceManager] Registering I2C interface: /dev/i2c-PRP0001:00 Device 0000:0000 Subsystem: 0000:0000
226   |Info:    [ResourceManager] Registering I2C interface: /dev/i2c-ANX7580A:00 Device 0000:0000 Subsystem: 0000:0000
226   |Info:    [ResourceManager] Registering I2C interface: /dev/i2c-8 Device 1022:790B Subsystem: 1E44:1776
226   |Warning: [i2c_smbus_linux] Failed to read i2c device PCI device ID
230   |Info:    [ResourceManager] Registering I2C interface: /dev/i2c-6 Device 0000:0000 Subsystem: 0000:0000
238   |Info:    [ResourceManager] Registering I2C interface: /dev/i2c-4 Device 1002:1435 Subsystem: 1002:0123
242   |Info:    [ResourceManager] Registering I2C interface: /dev/i2c-NVTN2020:00 Device 0000:0000 Subsystem: 0000:0000
242   |Info:    [ResourceManager] Registering I2C interface: /dev/i2c-2 Device 0000:0000 Subsystem: 0000:0000
243   |Info:    [ResourceManager] Registering I2C interface: /dev/i2c-0 Device 0000:0000 Subsystem: 0000:0000
243   |Info:    [ResourceManager] Registering I2C interface: /dev/i2c-FTS3528:00 Device 0000:0000 Subsystem: 0000:0000
243   |Info:    [ResourceManager] Registering I2C interface: /dev/i2c-ADS8388:01 Device 0000:0000 Subsystem: 0000:0000
243   |Info:    [ResourceManager] Registering I2C interface: /dev/i2c-PRP0001:01 Device 0000:0000 Subsystem: 0000:0000
244   |Info:    [ResourceManager] Registering I2C interface: /dev/i2c-9 Device 1022:790B Subsystem: 1E44:1776
244   |Warning: [i2c_smbus_linux] Failed to read i2c device PCI device ID
244   |Info:    [ResourceManager] Registering I2C interface: /dev/i2c-7 Device 0000:0000 Subsystem: 0000:0000
244   |Info:    [ResourceManager] Registering I2C interface: /dev/i2c-5 Device 1002:1435 Subsystem: 1002:0123
244   |Info:    ------------------------------------------------------
244   |Info:    |               Detecting I2C devices                |
244   |Info:    ------------------------------------------------------
7801  |Info:    ------------------------------------------------------
7801  |Info:    |            Detecting I2C DIMM modules              |
7801  |Info:    ------------------------------------------------------
7976  |Info:    ------------------------------------------------------
7976  |Info:    |               Detecting I2C PCI devices            |
7976  |Info:    ------------------------------------------------------
7980  |Info:    ------------------------------------------------------
7980  |Info:    |               Detecting HID devices                |
7980  |Info:    ------------------------------------------------------
7980  |Info:    ------------------------------------------------------
7980  |Info:    |            Detecting libusb HID devices            |
7980  |Info:    ------------------------------------------------------
7980  |Info:    ------------------------------------------------------
7980  |Info:    |              Detecting other devices               |
7980  |Info:    ------------------------------------------------------
8004  |Info:    [ResourceManager] Calling Post-detection callbacks
8004  |Info:    ------------------------------------------------------
8004  |Info:    |                Detection completed                 |
8004  |Info:    ------------------------------------------------------
8004  |Dialog:  <h2>Some internal devices may not be detected:</h2><p>One or more I2C or SMBus interfaces failed to initialize.</p><p><b>RGB DRAM modules, some motherboards' onboard RGB lighting, and RGB Graphics Cards, will not be available in OpenRGB</b> without I2C or SMBus.</p><h4>How to fix this:</h4><p>On Linux, this is usually because the i2c-dev module is not loaded.</p><p>You must load the i2c-dev module along with the correct i2c driver for your motherboard. This is usually i2c-piix4 for AMD systems and i2c-i801 for Intel systems.</p><p>See <a href='https://help.openrgb.org/'>help.openrgb.org</a> for additional troubleshooting steps if you keep seeing this message.<br></p><h3>If you are not using internal RGB on a desktop this message is not important to you.</h3>
